[05-Dec-2017 04:33:51 UTC] PHP Fatal error:  Call to a member function query() on a non-object in /home/ubuntu/workspace/workspace/login.php on line 24
[05-Dec-2017 04:33:51 UTC] PHP Stack trace:
[05-Dec-2017 04:33:51 UTC] PHP   1. {main}() /home/ubuntu/workspace/workspace/login.php:0
[05-Dec-2017 04:35:16 UTC] PHP Fatal error:  Call to a member function query() on a non-object in /home/ubuntu/workspace/workspace/homeAdmin.php on line 40
[05-Dec-2017 04:35:16 UTC] PHP Stack trace:
[05-Dec-2017 04:35:16 UTC] PHP   1. {main}() /home/ubuntu/workspace/workspace/homeAdmin.php:0
[05-Dec-2017 05:47:30 UTC] PHP Fatal error:  Call to a member function fetch_assoc() on a non-object in /home/ubuntu/workspace/workspace/login.php on line 30
[05-Dec-2017 05:47:30 UTC] PHP Stack trace:
[05-Dec-2017 05:47:30 UTC] PHP   1. {main}() /home/ubuntu/workspace/workspace/login.php:0
[05-Dec-2017 05:52:38 UTC] PHP Fatal error:  Call to a member function fetch_assoc() on a non-object in /home/ubuntu/workspace/workspace/login.php on line 30
[05-Dec-2017 05:52:38 UTC] PHP Stack trace:
[05-Dec-2017 05:52:38 UTC] PHP   1. {main}() /home/ubuntu/workspace/workspace/login.php:0
[05-Dec-2017 05:53:32 UTC] PHP Warning:  Illegal string offset 'username' in /home/ubuntu/workspace/workspace/login.php on line 35
[05-Dec-2017 05:53:32 UTC] PHP Stack trace:
[05-Dec-2017 05:53:32 UTC] PHP   1. {main}() /home/ubuntu/workspace/workspace/login.php:0
[05-Dec-2017 05:56:14 UTC] PHP Warning:  Illegal string offset 'username' in /home/ubuntu/workspace/workspace/login.php on line 35
[05-Dec-2017 05:56:14 UTC] PHP Stack trace:
[05-Dec-2017 05:56:14 UTC] PHP   1. {main}() /home/ubuntu/workspace/workspace/login.php:0
[05-Dec-2017 05:56:57 UTC] PHP Fatal error:  Call to a member function fetch_assoc() on a non-object in /home/ubuntu/workspace/workspace/login.php on line 30
[05-Dec-2017 05:56:57 UTC] PHP Stack trace:
[05-Dec-2017 05:56:57 UTC] PHP   1. {main}() /home/ubuntu/workspace/workspace/login.php:0
[05-Dec-2017 05:58:02 UTC] PHP Fatal error:  Call to a member function fetch_assoc() on a non-object in /home/ubuntu/workspace/workspace/login.php on line 30
[05-Dec-2017 05:58:02 UTC] PHP Stack trace:
[05-Dec-2017 05:58:02 UTC] PHP   1. {main}() /home/ubuntu/workspace/workspace/login.php:0
[05-Dec-2017 06:19:21 UTC] PHP Parse error:  syntax error, unexpected end of file in /home/ubuntu/workspace/workspace/login.php on line 60
